Arguments: 
  /usr/bin/node /usr/local/bin/yarn add @chakra-ui/gatsby-plugin @chakra-ui/react @chakra-ui/icons @emotion/react @emotion/styled framer-motion

PATH: 
  /home/andreas/.cargo/bin:/usr/local/sbin:/usr/local/bin:/usr/sbin:/usr/bin:/sbin:/bin:/usr/games:/usr/local/games:/snap/bin

Yarn version: 
  1.22.19

Node version: 
  14.20.0

Platform: 
  linux x64

Trace: 
  Error: ENOENT: no such file or directory, copyfile '/home/andreas/.cache/yarn/v6/npm-ansi-styles-3.2.1-41fbb20243e50b12be0f04b8dedbf07520ce841d-integrity/node_modules/ansi-styles/index.js' -> '/home/andreas/webiny-photo-gallery/node_modules/@babel/highlight/node_modules/ansi-styles/index.js'

npm manifest: 
  {
    "name": "webiny-photo-gallery",
    "version": "1.0.0",
    "private": true,
    "description": "webiny-photo-gallery",
    "author": "Miracle Jude",
    "keywords": [
      "gatsby"
    ],
    "scripts": {
      "develop": "gatsby develop",
      "start": "gatsby develop",
      "build": "gatsby build",
      "serve": "gatsby serve",
      "clean": "gatsby clean"
    },
    "dependencies": {
      "gatsby": "^4.24.0",
      "gatsby-source-graphql": "^4.24.0",
      "react": "^18.1.0",
      "react-dom": "^18.1.0"
    }
  }

yarn manifest: 
  No manifest

Lockfile: 
  No lockfile
